{"C:\\Users\\Dbisp\\Desktop\\api-filmes\\controllers\\filmesController.js": {"path":"C:\\Users\\Dbisp\\Desktop\\api-filmes\\controllers\\filmesController.js","statementMap":{"0":{"start":{"line":1,"column":22},"end":{"line":1,"column":58}},"1":{"start":{"line":3,"column":18},"end":{"line":10,"column":1}},"2":{"start":{"line":4,"column":2},"end":{"line":9,"column":3}},"3":{"start":{"line":5,"column":19},"end":{"line":5,"column":53}},"4":{"start":{"line":6,"column":4},"end":{"line":6,"column":33}},"5":{"start":{"line":8,"column":4},"end":{"line":8,"column":14}},"6":{"start":{"line":12,"column":18},"end":{"line":20,"column":1}},"7":{"start":{"line":13,"column":2},"end":{"line":19,"column":3}},"8":{"start":{"line":14,"column":22},"end":{"line":14,"column":30}},"9":{"start":{"line":15,"column":24},"end":{"line":15,"column":65}},"10":{"start":{"line":16,"column":4},"end":{"line":16,"column":38}},"11":{"start":{"line":18,"column":4},"end":{"line":18,"column":14}},"12":{"start":{"line":22,"column":20},"end":{"line":36,"column":1}},"13":{"start":{"line":23,"column":2},"end":{"line":35,"column":3}},"14":{"start":{"line":24,"column":15},"end":{"line":24,"column":36}},"15":{"start":{"line":25,"column":4},"end":{"line":25,"column":82}},"16":{"start":{"line":25,"column":26},"end":{"line":25,"column":82}},"17":{"start":{"line":27,"column":19},"end":{"line":27,"column":55}},"18":{"start":{"line":29,"column":4},"end":{"line":31,"column":5}},"19":{"start":{"line":30,"column":6},"end":{"line":30,"column":71}},"20":{"start":{"line":32,"column":4},"end":{"line":32,"column":34}},"21":{"start":{"line":34,"column":4},"end":{"line":34,"column":14}},"22":{"start":{"line":38,"column":0},"end":{"line":42,"column":2}}},"fnMap":{"0":{"name":"(anonymous_0)","decl":{"start":{"line":3,"column":18},"end":{"line":3,"column":19}},"loc":{"start":{"line":3,"column":44},"end":{"line":10,"column":1}},"line":3},"1":{"name":"(anonymous_1)","decl":{"start":{"line":12,"column":18},"end":{"line":12,"column":19}},"loc":{"start":{"line":12,"column":44},"end":{"line":20,"column":1}},"line":12},"2":{"name":"(anonymous_2)","decl":{"start":{"line":22,"column":20},"end":{"line":22,"column":21}},"loc":{"start":{"line":22,"column":46},"end":{"line":36,"column":1}},"line":22}},"branchMap":{"0":{"loc":{"start":{"line":25,"column":4},"end":{"line":25,"column":82}},"type":"if","locations":[{"start":{"line":25,"column":4},"end":{"line":25,"column":82}},{"start":{},"end":{}}],"line":25},"1":{"loc":{"start":{"line":29,"column":4},"end":{"line":31,"column":5}},"type":"if","locations":[{"start":{"line":29,"column":4},"end":{"line":31,"column":5}},{"start":{},"end":{}}],"line":29}},"s":{"0":1,"1":1,"2":2,"3":2,"4":1,"5":1,"6":1,"7":4,"8":4,"9":4,"10":1,"11":3,"12":1,"13":4,"14":4,"15":4,"16":1,"17":3,"18":2,"19":1,"20":1,"21":1,"22":1},"f":{"0":2,"1":4,"2":4},"b":{"0":[1,3],"1":[1,1]},"_coverageSchema":"1a1c01bbd47fc00a2c39e90264f33305004495a9","hash":"09b80898b96657bd9d7047925e0d8adc5bb8ca4e"}
,"C:\\Users\\Dbisp\\Desktop\\api-filmes\\middleware\\errorHandler.js": {"path":"C:\\Users\\Dbisp\\Desktop\\api-filmes\\middleware\\errorHandler.js","statementMap":{"0":{"start":{"line":1,"column":21},"end":{"line":10,"column":1}},"1":{"start":{"line":2,"column":2},"end":{"line":2,"column":56}},"2":{"start":{"line":4,"column":2},"end":{"line":7,"column":5}},"3":{"start":{"line":9,"column":2},"end":{"line":9,"column":9}},"4":{"start":{"line":12,"column":0},"end":{"line":12,"column":30}}},"fnMap":{"0":{"name":"(anonymous_0)","decl":{"start":{"line":1,"column":21},"end":{"line":1,"column":22}},"loc":{"start":{"line":1,"column":46},"end":{"line":10,"column":1}},"line":1}},"branchMap":{"0":{"loc":{"start":{"line":4,"column":13},"end":{"line":4,"column":30}},"type":"binary-expr","locations":[{"start":{"line":4,"column":13},"end":{"line":4,"column":23}},{"start":{"line":4,"column":27},"end":{"line":4,"column":30}}],"line":4},"1":{"loc":{"start":{"line":6,"column":13},"end":{"line":6,"column":54}},"type":"binary-expr","locations":[{"start":{"line":6,"column":13},"end":{"line":6,"column":24}},{"start":{"line":6,"column":28},"end":{"line":6,"column":54}}],"line":6}},"s":{"0":1,"1":7,"2":7,"3":7,"4":1},"f":{"0":7},"b":{"0":[7,5],"1":[7,1]},"_coverageSchema":"1a1c01bbd47fc00a2c39e90264f33305004495a9","hash":"b8313870f37b93babf510ad18c0872c3d025513e"}
,"C:\\Users\\Dbisp\\Desktop\\api-filmes\\routes\\filmesRoutes.js": {"path":"C:\\Users\\Dbisp\\Desktop\\api-filmes\\routes\\filmesRoutes.js","statementMap":{"0":{"start":{"line":1,"column":16},"end":{"line":1,"column":34}},"1":{"start":{"line":2,"column":15},"end":{"line":2,"column":31}},"2":{"start":{"line":3,"column":25},"end":{"line":3,"column":67}},"3":{"start":{"line":5,"column":0},"end":{"line":5,"column":44}},"4":{"start":{"line":6,"column":0},"end":{"line":6,"column":45}},"5":{"start":{"line":7,"column":0},"end":{"line":7,"column":52}},"6":{"start":{"line":9,"column":0},"end":{"line":9,"column":24}}},"fnMap":{},"branchMap":{},"s":{"0":1,"1":1,"2":1,"3":1,"4":1,"5":1,"6":1},"f":{},"b":{},"_coverageSchema":"1a1c01bbd47fc00a2c39e90264f33305004495a9","hash":"5f3ec78a7040315806bb65a6eb7da936ac9cbf8b"}
}
