TN:
SF:controllers\filmesController.js
FN:3,(anonymous_0)
FN:12,(anonymous_1)
FN:22,(anonymous_2)
FNF:3
FNH:3
FNDA:2,(anonymous_0)
FNDA:4,(anonymous_1)
FNDA:4,(anonymous_2)
DA:1,1
DA:3,1
DA:4,2
DA:5,2
DA:6,1
DA:8,1
DA:12,1
DA:13,4
DA:14,4
DA:15,4
DA:16,1
DA:18,3
DA:22,1
DA:23,4
DA:24,4
DA:25,4
DA:27,3
DA:29,2
DA:30,1
DA:32,1
DA:34,1
DA:38,1
LF:22
LH:22
BRDA:25,0,0,1
BRDA:25,0,1,3
BRDA:29,1,0,1
BRDA:29,1,1,1
BRF:4
BRH:4
end_of_record
TN:
SF:middleware\errorHandler.js
FN:1,(anonymous_0)
FNF:1
FNH:1
FNDA:7,(anonymous_0)
DA:1,1
DA:2,7
DA:4,7
DA:9,7
DA:12,1
LF:5
LH:5
BRDA:4,0,0,7
BRDA:4,0,1,5
BRDA:6,1,0,7
BRDA:6,1,1,1
BRF:4
BRH:4
end_of_record
TN:
SF:routes\filmesRoutes.js
FNF:0
FNH:0
DA:1,1
DA:2,1
DA:3,1
DA:5,1
DA:6,1
DA:7,1
DA:9,1
LF:7
LH:7
BRF:0
BRH:0
end_of_record
